==============================================================================
Tests
==============================================================================
Tests.API
==============================================================================
Tests.API.API ItineraLogin :: This is the API test suite for Itinera Login ...
==============================================================================
Verify Token Received                                                 | PASS |
------------------------------------------------------------------------------
Verify User Name                                                      | PASS |
------------------------------------------------------------------------------
Tests.API.API ItineraLogin :: This is the API test suite for Itine... | PASS |
2 tests, 2 passed, 0 failed
==============================================================================
Tests.API                                                             | PASS |
2 tests, 2 passed, 0 failed
==============================================================================
Tests                                                                 | PASS |
2 tests, 2 passed, 0 failed
==============================================================================
Output:  /Users/karen/ItineraRobotTests/results/pabot/pabot_results/0/output.xml
