2026-03-30 18:24:49.128445 ==============================================================================
2026-03-30 18:24:49.171186 Tests
2026-03-30 18:24:49.171212 ==============================================================================
2026-03-30 18:24:49.171230 Tests.API
2026-03-30 18:24:49.171755 ==============================================================================
2026-03-30 18:24:49.171777 Tests.API.API ItineraLogin :: This is the API test suite for Itinera Login ...
2026-03-30 18:24:49.223417 ==============================================================================
2026-03-30 18:24:49.867426 Verify Token Received                                                 | PASS |
2026-03-30 18:24:49.908817 ------------------------------------------------------------------------------
2026-03-30 18:24:50.180209 Verify User Name                                                      | PASS |
2026-03-30 18:24:50.187746 ------------------------------------------------------------------------------
2026-03-30 18:24:50.187766 Tests.API.API ItineraLogin :: This is the API test suite for Itine... | PASS |
2026-03-30 18:24:50.188172 2 tests, 2 passed, 0 failed
2026-03-30 18:24:50.188192 ==============================================================================
2026-03-30 18:24:50.188204 Tests.API                                                             | PASS |
2026-03-30 18:24:50.188401 2 tests, 2 passed, 0 failed
2026-03-30 18:24:50.188425 ==============================================================================
2026-03-30 18:24:50.188435 Tests                                                                 | PASS |
2026-03-30 18:24:50.188610 2 tests, 2 passed, 0 failed
2026-03-30 18:24:50.188641 ==============================================================================
2026-03-30 18:24:50.188654 Output:  /Users/karen/ItineraRobotTests/results/pabot/pabot_results/0/output.xml
