2026-03-29 15:10:53.384342 ==============================================================================
2026-03-29 15:10:53.406939 Tests
2026-03-29 15:10:53.406978 ==============================================================================
2026-03-29 15:10:53.406999 Tests.UI
2026-03-29 15:10:53.407259 ==============================================================================
2026-03-29 15:10:53.462310 Tests.UI.ItineraLogin :: This is the UI test suite for Itinera Login functi...
2026-03-29 15:10:53.471270 ==============================================================================
2026-03-29 15:10:57.551841 Test Valid Users                                                      | PASS |
2026-03-29 15:10:57.604386 ------------------------------------------------------------------------------
2026-03-29 15:10:59.498840 Test Invalid Users                                                    | PASS |
2026-03-29 15:10:59.527642 ------------------------------------------------------------------------------
2026-03-29 15:10:59.527654 Tests.UI.ItineraLogin :: This is the UI test suite for Itinera Log... | PASS |
2026-03-29 15:10:59.528088 2 tests, 2 passed, 0 failed
2026-03-29 15:10:59.528098 ==============================================================================
2026-03-29 15:10:59.528107 Tests.UI                                                              | PASS |
2026-03-29 15:10:59.528271 2 tests, 2 passed, 0 failed
2026-03-29 15:10:59.528283 ==============================================================================
2026-03-29 15:10:59.528291 Tests                                                                 | PASS |
2026-03-29 15:10:59.528407 2 tests, 2 passed, 0 failed
2026-03-29 15:10:59.528417 ==============================================================================
2026-03-29 15:10:59.528424 Output:  /Users/karen/ItineraRobotTests/results/pabot/pabot_results/2/output.xml
