==============================================================================
Tests
==============================================================================
Tests.UI
==============================================================================
Tests.UI.ItineraLogin :: This is the UI test suite for Itinera Login functi...
==============================================================================
Valid Users Can Login                                                 | PASS |
------------------------------------------------------------------------------
Invalid Users Cannot Login                                            | PASS |
------------------------------------------------------------------------------
Tests.UI.ItineraLogin :: This is the UI test suite for Itinera Log... | PASS |
2 tests, 2 passed, 0 failed
==============================================================================
Tests.UI                                                              | PASS |
2 tests, 2 passed, 0 failed
==============================================================================
Tests                                                                 | PASS |
2 tests, 2 passed, 0 failed
==============================================================================
Output:  /Users/karen/ItineraRobotTests/results/pabot/pabot_results/2/output.xml
