2026-03-29 13:21:56.313680 ==============================================================================
2026-03-29 13:21:56.361103 Tests
2026-03-29 13:21:56.361173 ==============================================================================
2026-03-29 13:21:56.361393 Tests.UI
2026-03-29 13:21:56.361572 ==============================================================================
2026-03-29 13:21:56.416629 Tests.UI.ItineraLogin :: This is the UI test suite for Itinera Login functi...
2026-03-29 13:21:56.439573 ==============================================================================
2026-03-29 13:21:59.848026 Test Valid Users                                                      | PASS |
2026-03-29 13:21:59.872593 ------------------------------------------------------------------------------
2026-03-29 13:22:01.710907 Test Invalid Users                                                    | PASS |
2026-03-29 13:22:01.713169 ------------------------------------------------------------------------------
2026-03-29 13:22:01.713182 Tests.UI.ItineraLogin :: This is the UI test suite for Itinera Log... | PASS |
2026-03-29 13:22:01.713601 2 tests, 2 passed, 0 failed
2026-03-29 13:22:01.713613 ==============================================================================
2026-03-29 13:22:01.713622 Tests.UI                                                              | PASS |
2026-03-29 13:22:01.713795 2 tests, 2 passed, 0 failed
2026-03-29 13:22:01.713806 ==============================================================================
2026-03-29 13:22:01.713814 Tests                                                                 | PASS |
2026-03-29 13:22:01.713926 2 tests, 2 passed, 0 failed
2026-03-29 13:22:01.713935 ==============================================================================
2026-03-29 13:22:01.713942 Output:  /Users/karen/ItineraRobotTests/results/pabot_results/1/output.xml
