==============================================================================
Tests
==============================================================================
Tests.UI
==============================================================================
Tests.UI.ItineraLogin :: This is the UI test suite for Itinera Login functi...
==============================================================================
Test Valid Users                                                      | PASS |
------------------------------------------------------------------------------
Test Invalid Users                                                    | PASS |
------------------------------------------------------------------------------
Tests.UI.ItineraLogin :: This is the UI test suite for Itinera Log... | PASS |
2 tests, 2 passed, 0 failed
==============================================================================
Tests.UI                                                              | PASS |
2 tests, 2 passed, 0 failed
==============================================================================
Tests                                                                 | PASS |
2 tests, 2 passed, 0 failed
==============================================================================
Output:  /Users/karen/ItineraRobotTests/results/pabot_results/1/output.xml
