2026-03-29 13:34:21.375434 ==============================================================================
2026-03-29 13:34:21.423876 Tests
2026-03-29 13:34:21.423911 ==============================================================================
2026-03-29 13:34:21.423919 Tests.UI
2026-03-29 13:34:21.424224 ==============================================================================
2026-03-29 13:34:21.478455 Tests.UI.ItineraLogin :: This is the UI test suite for Itinera Login functi...
2026-03-29 13:34:21.500397 ==============================================================================
2026-03-29 13:34:26.848534 Test Valid Users                                                      | PASS |
2026-03-29 13:34:26.850805 ------------------------------------------------------------------------------
2026-03-29 13:34:28.704605 Test Invalid Users                                                    | PASS |
2026-03-29 13:34:28.706191 ------------------------------------------------------------------------------
2026-03-29 13:34:28.706203 Tests.UI.ItineraLogin :: This is the UI test suite for Itinera Log... | PASS |
2026-03-29 13:34:28.706646 2 tests, 2 passed, 0 failed
2026-03-29 13:34:28.706658 ==============================================================================
2026-03-29 13:34:28.706667 Tests.UI                                                              | PASS |
2026-03-29 13:34:28.706832 2 tests, 2 passed, 0 failed
2026-03-29 13:34:28.706844 ==============================================================================
2026-03-29 13:34:28.706852 Tests                                                                 | PASS |
2026-03-29 13:34:28.706962 2 tests, 2 passed, 0 failed
2026-03-29 13:34:28.706971 ==============================================================================
2026-03-29 13:34:28.706978 Output:  /Users/karen/ItineraRobotTests/results/pabot/pabot_results/1/output.xml
