2026-03-29 13:21:56.313967 ==============================================================================
2026-03-29 13:21:56.361144 Tests
2026-03-29 13:21:56.361368 ==============================================================================
2026-03-29 13:21:56.361523 Tests.API
2026-03-29 13:21:56.361591 ==============================================================================
2026-03-29 13:21:56.416648 Tests.API.API ItineraLogin :: This is the API test suite for Itinera Login ...
2026-03-29 13:21:56.422054 ==============================================================================
2026-03-29 13:21:57.118938 Verify Token Received                                                 | PASS |
2026-03-29 13:21:57.129848 ------------------------------------------------------------------------------
2026-03-29 13:21:57.399620 Verify User Name                                                      Karen Anne
2026-03-29 13:21:57.437669 | PASS |
2026-03-29 13:21:57.438340 ------------------------------------------------------------------------------
2026-03-29 13:21:57.438353 Tests.API.API ItineraLogin :: This is the API test suite for Itine... | PASS |
2026-03-29 13:21:57.438833 2 tests, 2 passed, 0 failed
2026-03-29 13:21:57.438851 ==============================================================================
2026-03-29 13:21:57.438863 Tests.API                                                             | PASS |
2026-03-29 13:21:57.439095 2 tests, 2 passed, 0 failed
2026-03-29 13:21:57.439120 ==============================================================================
2026-03-29 13:21:57.439134 Tests                                                                 | PASS |
2026-03-29 13:21:57.439293 2 tests, 2 passed, 0 failed
2026-03-29 13:21:57.439329 ==============================================================================
2026-03-29 13:21:57.439340 Output:  /Users/karen/ItineraRobotTests/results/pabot_results/0/output.xml
